<?xml version="1.0" encoding="UTF-8"?>
<testng-results skipped="0" failed="0" ignored="1" total="2" passed="1">
  <reporter-output>
  </reporter-output>
  <suite name="Default suite" duration-ms="79710" started-at="2018-11-13T12:40:49Z" finished-at="2018-11-13T12:42:09Z">
    <groups>
    </groups>
    <test name="Default test" duration-ms="79710" started-at="2018-11-13T12:40:49Z" finished-at="2018-11-13T12:42:09Z">
      <class name="com.appium.Appium">
        <test-method status="PASS" signature="playStore()[pri:0, instance:com.appium.Appium@3abbfa04]" name="playStore" duration-ms="79690" started-at="2018-11-13T12:40:49Z" finished-at="2018-11-13T12:42:09Z">
          <reporter-output>
          </reporter-output>
        </test-method> <!-- playStore -->
      </class> <!-- com.appium.Appium -->
    </test> <!-- Default test -->
  </suite> <!-- Default suite -->
</testng-results>
